
> labs@1.0.0 start
> http-server -p 3000

Starting up http-server, serving ./public

http-server version: 14.1.1

http-server settings: 
CORS: disabled
Cache: 3600 seconds
Connection Timeout: 120 seconds
Directory Listings: visible
AutoIndex: visible
Serve GZIP Files: false
Serve Brotli Files: false
Default File Extension: none

Available on:
  http://127.0.0.1:3000
  http://10.0.1.27:3000
Hit CTRL-C to stop the server

[2025-02-17T21:52:13.449Z]  "GET /" "Mozilla/5.0 (Windows NT 10.0; Win64; x64) AppleWebKit/537.36 (KHTML, like Gecko) Chrome/133.0.0.0 Safari/537.36"
(node:432564) [DEP0066] DeprecationWarning: OutgoingMessage.prototype._headers is deprecated
(Use `node --trace-deprecation ...` to show where the warning was created)
[2025-02-17T21:52:13.500Z]  "GET /token.css" "Mozilla/5.0 (Windows NT 10.0; Win64; x64) AppleWebKit/537.36 (KHTML, like Gecko) Chrome/133.0.0.0 Safari/537.36"
[2025-02-17T21:52:13.517Z]  "GET /styles.css" "Mozilla/5.0 (Windows NT 10.0; Win64; x64) AppleWebKit/537.36 (KHTML, like Gecko) Chrome/133.0.0.0 Safari/537.36"
[2025-02-17T21:52:13.539Z]  "GET /toHtmlElement.mjs" "Mozilla/5.0 (Windows NT 10.0; Win64; x64) AppleWebKit/537.36 (KHTML, like Gecko) Chrome/133.0.0.0 Safari/537.36"
[2025-02-17T21:52:13.541Z]  "GET /header.mjs" "Mozilla/5.0 (Windows NT 10.0; Win64; x64) AppleWebKit/537.36 (KHTML, like Gecko) Chrome/133.0.0.0 Safari/537.36"
[2025-02-17T21:52:13.561Z]  "GET /image.png" "Mozilla/5.0 (Windows NT 10.0; Win64; x64) AppleWebKit/537.36 (KHTML, like Gecko) Chrome/133.0.0.0 Safari/537.36"
[2025-02-17T21:52:13.562Z]  "GET /my-cool-header.mjs" "Mozilla/5.0 (Windows NT 10.0; Win64; x64) AppleWebKit/537.36 (KHTML, like Gecko) Chrome/133.0.0.0 Safari/537.36"
[2025-02-17T21:52:13.588Z]  "GET /utils.mjs" "Mozilla/5.0 (Windows NT 10.0; Win64; x64) AppleWebKit/537.36 (KHTML, like Gecko) Chrome/133.0.0.0 Safari/537.36"
[2025-02-17T21:52:13.871Z]  "GET /favicon.ico" "Mozilla/5.0 (Windows NT 10.0; Win64; x64) AppleWebKit/537.36 (KHTML, like Gecko) Chrome/133.0.0.0 Safari/537.36"
[2025-02-17T21:52:13.873Z]  "GET /favicon.ico" Error (404): "Not found"
[2025-02-17T21:52:20.482Z]  "GET /todos" "Mozilla/5.0 (Windows NT 10.0; Win64; x64) AppleWebKit/537.36 (KHTML, like Gecko) Chrome/133.0.0.0 Safari/537.36"
[2025-02-17T21:52:20.503Z]  "GET /todos/" "Mozilla/5.0 (Windows NT 10.0; Win64; x64) AppleWebKit/537.36 (KHTML, like Gecko) Chrome/133.0.0.0 Safari/537.36"
[2025-02-17T21:52:20.542Z]  "GET /todos/assets/index-C-uBRsHS.js" "Mozilla/5.0 (Windows NT 10.0; Win64; x64) AppleWebKit/537.36 (KHTML, like Gecko) Chrome/133.0.0.0 Safari/537.36"
[2025-02-17T21:52:20.546Z]  "GET /todos/assets/index-D3s2yOjs.css" "Mozilla/5.0 (Windows NT 10.0; Win64; x64) AppleWebKit/537.36 (KHTML, like Gecko) Chrome/133.0.0.0 Safari/537.36"
[2025-02-17T21:52:20.714Z]  "GET /todos/vite.svg" "Mozilla/5.0 (Windows NT 10.0; Win64; x64) AppleWebKit/537.36 (KHTML, like Gecko) Chrome/133.0.0.0 Safari/537.36"
[2025-02-17T23:28:38.021Z]  "GET /" "Expanse, a Palo Alto Networks company, searches across the global IPv4 space multiple times per day to identify customers&#39; presences on the Internet. If you would like to be excluded from our scans, please send IP addresses/domains to: scaninfo@paloaltonetworks.com"
[2025-02-18T00:48:48.559Z]  "GET /" "Mozilla/5.0 (Windows NT 10.0; Win64; x64) AppleWebKit/537.36 (KHTML, like Gecko) Chrome/133.0.0.0 Safari/537.36"
[2025-02-18T00:48:48.593Z]  "GET /token.css" "Mozilla/5.0 (Windows NT 10.0; Win64; x64) AppleWebKit/537.36 (KHTML, like Gecko) Chrome/133.0.0.0 Safari/537.36"
[2025-02-18T00:48:48.598Z]  "GET /styles.css" "Mozilla/5.0 (Windows NT 10.0; Win64; x64) AppleWebKit/537.36 (KHTML, like Gecko) Chrome/133.0.0.0 Safari/537.36"
[2025-02-18T00:48:48.614Z]  "GET /toHtmlElement.mjs" "Mozilla/5.0 (Windows NT 10.0; Win64; x64) AppleWebKit/537.36 (KHTML, like Gecko) Chrome/133.0.0.0 Safari/537.36"
[2025-02-18T00:48:48.776Z]  "GET /image.png" "Mozilla/5.0 (Windows NT 10.0; Win64; x64) AppleWebKit/537.36 (KHTML, like Gecko) Chrome/133.0.0.0 Safari/537.36"
[2025-02-18T00:48:48.776Z]  "GET /header.mjs" "Mozilla/5.0 (Windows NT 10.0; Win64; x64) AppleWebKit/537.36 (KHTML, like Gecko) Chrome/133.0.0.0 Safari/537.36"
[2025-02-18T00:48:48.777Z]  "GET /my-cool-header.mjs" "Mozilla/5.0 (Windows NT 10.0; Win64; x64) AppleWebKit/537.36 (KHTML, like Gecko) Chrome/133.0.0.0 Safari/537.36"
[2025-02-18T00:48:48.808Z]  "GET /utils.mjs" "Mozilla/5.0 (Windows NT 10.0; Win64; x64) AppleWebKit/537.36 (KHTML, like Gecko) Chrome/133.0.0.0 Safari/537.36"
[2025-02-18T00:48:48.962Z]  "GET /favicon.ico" "Mozilla/5.0 (Windows NT 10.0; Win64; x64) AppleWebKit/537.36 (KHTML, like Gecko) Chrome/133.0.0.0 Safari/537.36"
[2025-02-18T00:48:48.962Z]  "GET /favicon.ico" Error (404): "Not found"
[2025-02-18T00:49:00.272Z]  "GET /hobbies.html" "Mozilla/5.0 (Windows NT 10.0; Win64; x64) AppleWebKit/537.36 (KHTML, like Gecko) Chrome/133.0.0.0 Safari/537.36"
[2025-02-18T00:49:01.251Z]  "GET /index.html" "Mozilla/5.0 (Windows NT 10.0; Win64; x64) AppleWebKit/537.36 (KHTML, like Gecko) Chrome/133.0.0.0 Safari/537.36"
[2025-02-18T01:49:53.524Z]  "GET /" "Mozilla/5.0 (Windows NT 10.0; Win64; x64) AppleWebKit/537.36 (KHTML, like Gecko) Chrome/74.0.3729.131 Safari/537.36"
[2025-02-18T02:17:03.731Z]  "GET /" "Mozilla/5.0 (compatible)"
[2025-02-18T02:17:03.983Z]  "GET /favicon.ico" "Mozilla/5.0 (compatible)"
[2025-02-18T02:17:03.983Z]  "GET /favicon.ico" Error (404): "Not found"
[2025-02-18T02:41:10.869Z]  "GET /" "Mozilla/5.0 (compatible; CensysInspect/1.1; +https://about.censys.io/)"
[2025-02-18T02:41:14.265Z]  "GET /favicon.ico" "Mozilla/5.0 (compatible; CensysInspect/1.1; +https://about.censys.io/)"
[2025-02-18T02:41:14.266Z]  "GET /favicon.ico" Error (404): "Not found"
[2025-02-18T04:49:12.847Z]  "GET /" "Mozilla/5.0 (Macintosh; Intel Mac OS X 10.14; rv:62.0) Gecko/20100101 Firefox/62.0"
[2025-02-18T04:49:26.760Z]  "GET /favicon.ico" "Mozilla/5.0 (Macintosh; Intel Mac OS X 10_15_7) AppleWebKit/605.1.15 (KHTML, like Gecko) Version/17.4 Safari/605.1.15"
[2025-02-18T04:49:26.762Z]  "GET /favicon.ico" Error (404): "Not found"
[2025-02-18T07:08:59.797Z]  "GET /wp-includes/css/dashicons.min.css" "Apache/2.4.34 (Ubuntu) OpenSSL/1.1.1 (internal dummy connection)"
[2025-02-18T07:08:59.798Z]  "GET /wp-includes/css/dashicons.min.css" Error (404): "Not found"
[2025-02-18T07:09:00.158Z]  "GET /wordpress/wp-includes/css/dashicons.min.css" "Apache/2.4.34 (Ubuntu) OpenSSL/1.1.1 (internal dummy connection)"
[2025-02-18T07:09:00.159Z]  "GET /wordpress/wp-includes/css/dashicons.min.css" Error (404): "Not found"
[2025-02-18T09:50:56.662Z]  "GET /" "Mozilla/5.0 zgrab/0.x"
[2025-02-18T18:07:02.188Z]  "GET /" "'Mozilla/5.0 (compatible; GenomeCrawlerd/1.0; +https://www.nokia.com/genomecrawler)'"
[2025-02-18T18:08:40.449Z]  "GET /favicon.ico" "'Mozilla/5.0 (compatible; GenomeCrawlerd/1.0; +https://www.nokia.com/genomecrawler)'"
[2025-02-18T18:08:40.450Z]  "GET /favicon.ico" Error (404): "Not found"
[2025-02-19T00:31:08.328Z]  "GET /" "Mozilla/5.0 (Windows NT 10.0; Win64; x64) AppleWebKit/537.36 (KHTML, like Gecko) Chrome/133.0.0.0 Safari/537.36"
[2025-02-19T00:31:08.448Z]  "GET /token.css" "Mozilla/5.0 (Windows NT 10.0; Win64; x64) AppleWebKit/537.36 (KHTML, like Gecko) Chrome/133.0.0.0 Safari/537.36"
[2025-02-19T00:31:08.454Z]  "GET /styles.css" "Mozilla/5.0 (Windows NT 10.0; Win64; x64) AppleWebKit/537.36 (KHTML, like Gecko) Chrome/133.0.0.0 Safari/537.36"
[2025-02-19T00:31:08.476Z]  "GET /toHtmlElement.mjs" "Mozilla/5.0 (Windows NT 10.0; Win64; x64) AppleWebKit/537.36 (KHTML, like Gecko) Chrome/133.0.0.0 Safari/537.36"
[2025-02-19T00:31:08.488Z]  "GET /header.mjs" "Mozilla/5.0 (Windows NT 10.0; Win64; x64) AppleWebKit/537.36 (KHTML, like Gecko) Chrome/133.0.0.0 Safari/537.36"
[2025-02-19T00:31:08.528Z]  "GET /my-cool-header.mjs" "Mozilla/5.0 (Windows NT 10.0; Win64; x64) AppleWebKit/537.36 (KHTML, like Gecko) Chrome/133.0.0.0 Safari/537.36"
[2025-02-19T00:31:08.535Z]  "GET /image.png" "Mozilla/5.0 (Windows NT 10.0; Win64; x64) AppleWebKit/537.36 (KHTML, like Gecko) Chrome/133.0.0.0 Safari/537.36"
[2025-02-19T00:31:08.734Z]  "GET /utils.mjs" "Mozilla/5.0 (Windows NT 10.0; Win64; x64) AppleWebKit/537.36 (KHTML, like Gecko) Chrome/133.0.0.0 Safari/537.36"
[2025-02-19T00:31:08.803Z]  "GET /favicon.ico" "Mozilla/5.0 (Windows NT 10.0; Win64; x64) AppleWebKit/537.36 (KHTML, like Gecko) Chrome/133.0.0.0 Safari/537.36"
[2025-02-19T00:31:08.804Z]  "GET /favicon.ico" Error (404): "Not found"
[2025-02-19T00:31:11.133Z]  "GET /index.html" "Mozilla/5.0 (Windows NT 10.0; Win64; x64) AppleWebKit/537.36 (KHTML, like Gecko) Chrome/133.0.0.0 Safari/537.36"
[2025-02-19T00:31:12.921Z]  "GET /hobbies.html" "Mozilla/5.0 (Windows NT 10.0; Win64; x64) AppleWebKit/537.36 (KHTML, like Gecko) Chrome/133.0.0.0 Safari/537.36"
[2025-02-19T02:16:55.383Z]  "GET /" "Mozilla/5.0 (Macintosh; Intel Mac OS X 10_15_7) Chrome/126.0.0.0 Safari/537.36"
[2025-02-19T03:38:29.274Z]  "GET /" "Expanse, a Palo Alto Networks company, searches across the global IPv4 space multiple times per day to identify customers&#39; presences on the Internet. If you would like to be excluded from our scans, please send IP addresses/domains to: scaninfo@paloaltonetworks.com"
[2025-02-19T06:44:20.747Z]  "GET /" "Mozilla/5.0 (Linux; Android 6.0; NCE-AL00 Build/HUAWEINCE-AL00; wv) AppleWebKit/537.36 (KHTML, like Gecko) Version/4.0 Chrome/66.0.3359.126 MQQBrowser/6.2 TBS/044813 Mobile Safari/537.36 MMWEBID/6904 MicroMessenger/7.0.6.1460(0x27000634) Process/tools NetType/4G Language/zh_CN"
[2025-02-19T07:42:53.393Z]  "GET /" "Mozilla/5.0 (Windows NT 10.0.0; Win64; x64; ) AppleWebKit/537.36 (KHTML, like Gecko) Chrome/124.0.6367.63 Chrome/124.0.6367.63 Not-A.Brand/99  Safari/537.36"
[2025-02-19T07:43:10.454Z]  "GET /favicon.ico" "Mozilla/5.0 (Windows NT 10.0; Win64; x64) AppleWebKit/537.36 (KHTML, like Gecko) Chrome/122.0.0.0 Iron Safari/537.36"
[2025-02-19T07:43:10.456Z]  "GET /favicon.ico" Error (404): "Not found"
[2025-02-19T08:25:57.655Z]  "GET /" "Expanse, a Palo Alto Networks company, searches across the global IPv4 space multiple times per day to identify customers&#39; presences on the Internet. If you would like to be excluded from our scans, please send IP addresses/domains to: scaninfo@paloaltonetworks.com"
[2025-02-19T13:03:25.531Z]  "GET /" "undefined"
[2025-02-19T13:03:29.905Z]  "GET /" "Mozilla/5.0 (compatible; CensysInspect/1.1; +https://about.censys.io/)"
[2025-02-19T13:03:30.416Z]  "GET /favicon.ico" "Mozilla/5.0 (compatible; CensysInspect/1.1; +https://about.censys.io/)"
[2025-02-19T13:03:30.417Z]  "GET /favicon.ico" Error (404): "Not found"
[2025-02-19T13:44:56.003Z]  "GET /.git/config" "Mozilla/5.0 (Windows NT 6.1; Win64; x64) AppleWebKit/537.36 (KHTML, like Gecko) Chrome/68.0.3440.106 Safari/537.36"
[2025-02-19T13:44:56.004Z]  "GET /.git/config" Error (404): "Not found"
[2025-02-19T15:02:53.258Z]  "GET /" "Mozilla/5.0 (Windows NT 10.0; Win64; x64) AppleWebKit/537.36 (KHTML, like Gecko) Chrome/108.0.0.0 Safari/537.36"
[2025-02-19T15:55:48.887Z]  "GET /phpinfo" "undefined"
[2025-02-19T15:55:48.888Z]  "GET /phpinfo" Error (404): "Not found"
[2025-02-19T15:55:49.054Z]  "GET /info.php" "undefined"
[2025-02-19T15:55:49.054Z]  "GET /info.php" Error (404): "Not found"
[2025-02-19T15:55:49.190Z]  "GET /php-info.php" "undefined"
[2025-02-19T15:55:49.191Z]  "GET /php-info.php" Error (404): "Not found"
[2025-02-19T15:55:49.328Z]  "GET /phpinfoposmeta.php" "undefined"
[2025-02-19T15:55:49.329Z]  "GET /phpinfoposmeta.php" Error (404): "Not found"
[2025-02-19T15:55:49.472Z]  "GET /dashboard/phpinfo.php" "undefined"
[2025-02-19T15:55:49.472Z]  "GET /dashboard/phpinfo.php" Error (404): "Not found"
[2025-02-19T15:55:49.623Z]  "GET /ppinfo.php" "undefined"
[2025-02-19T15:55:49.623Z]  "GET /ppinfo.php" Error (404): "Not found"
[2025-02-19T15:55:49.760Z]  "GET /admin/phpinfo.php" "undefined"
[2025-02-19T15:55:49.760Z]  "GET /admin/phpinfo.php" Error (404): "Not found"
[2025-02-19T15:55:49.989Z]  "GET /backend/web/phpinfo.php" "undefined"
[2025-02-19T15:55:49.990Z]  "GET /backend/web/phpinfo.php" Error (404): "Not found"
[2025-02-19T15:55:50.131Z]  "GET /public/phpinfo.php" "undefined"
[2025-02-19T15:55:50.132Z]  "GET /public/phpinfo.php" Error (404): "Not found"
[2025-02-19T15:55:50.278Z]  "GET /admin_phpinfo.php" "undefined"
[2025-02-19T15:55:50.278Z]  "GET /admin_phpinfo.php" Error (404): "Not found"
[2025-02-19T15:55:50.429Z]  "GET /tool/phpinfo.php" "undefined"
[2025-02-19T15:55:50.429Z]  "GET /tool/phpinfo.php" Error (404): "Not found"
[2025-02-19T15:55:50.565Z]  "GET /admin/server_info.php" "undefined"
[2025-02-19T15:55:50.565Z]  "GET /admin/server_info.php" Error (404): "Not found"
[2025-02-19T15:55:50.704Z]  "GET /server_info.php" "undefined"
[2025-02-19T15:55:50.705Z]  "GET /server_info.php" Error (404): "Not found"
[2025-02-19T15:55:50.940Z]  "GET /admincontrol/sys_phpinfo.php" "undefined"
[2025-02-19T15:55:50.941Z]  "GET /admincontrol/sys_phpinfo.php" Error (404): "Not found"
[2025-02-19T15:55:51.679Z]  "GET /admin/sys_phpinfo.php" "undefined"
[2025-02-19T15:55:51.680Z]  "GET /admin/sys_phpinfo.php" Error (404): "Not found"
[2025-02-19T15:55:51.977Z]  "GET /test.php" "undefined"
[2025-02-19T15:55:51.977Z]  "GET /test.php" Error (404): "Not found"
[2025-02-19T15:55:52.130Z]  "GET /server-info.php" "undefined"
[2025-02-19T15:55:52.131Z]  "GET /server-info.php" Error (404): "Not found"
[2025-02-19T15:55:52.431Z]  "GET /phpinfo/config.php" "undefined"
[2025-02-19T15:55:52.432Z]  "GET /phpinfo/config.php" Error (404): "Not found"
[2025-02-19T15:55:52.591Z]  "GET /backend/phpinfo.php" "undefined"
[2025-02-19T15:55:52.592Z]  "GET /backend/phpinfo.php" Error (404): "Not found"
[2025-02-19T15:55:52.728Z]  "GET /phpinfo2.php" "undefined"
[2025-02-19T15:55:52.729Z]  "GET /phpinfo2.php" Error (404): "Not found"
[2025-02-19T15:55:52.968Z]  "GET /phpinfo3.php" "undefined"
[2025-02-19T15:55:52.969Z]  "GET /phpinfo3.php" Error (404): "Not found"
[2025-02-19T15:55:53.123Z]  "GET /phpinfo4.php" "undefined"
[2025-02-19T15:55:53.123Z]  "GET /phpinfo4.php" Error (404): "Not found"
[2025-02-19T15:55:53.259Z]  "GET /debug.php" "undefined"
[2025-02-19T15:55:53.259Z]  "GET /debug.php" Error (404): "Not found"
[2025-02-19T15:55:53.398Z]  "GET /.phpinfo" "undefined"
[2025-02-19T15:55:53.398Z]  "GET /.phpinfo" Error (404): "Not found"
[2025-02-19T15:55:53.538Z]  "GET /_profiler/phpinfo/info.php" "undefined"
[2025-02-19T15:55:53.539Z]  "GET /_profiler/phpinfo/info.php" Error (404): "Not found"
[2025-02-19T15:55:53.696Z]  "GET /_profiler/phpinfo/phpinfo.php" "undefined"
[2025-02-19T15:55:53.696Z]  "GET /_profiler/phpinfo/phpinfo.php" Error (404): "Not found"
[2025-02-19T15:55:53.860Z]  "GET /admin/info.php" "undefined"
[2025-02-19T15:55:53.861Z]  "GET /admin/info.php" Error (404): "Not found"
[2025-02-19T15:55:54.066Z]  "GET /adminphp.php" "undefined"
[2025-02-19T15:55:54.066Z]  "GET /adminphp.php" Error (404): "Not found"
[2025-02-19T15:55:54.213Z]  "GET /adminphp.php/configuration.php" "undefined"
[2025-02-19T15:55:54.214Z]  "GET /adminphp.php/configuration.php" Error (404): "Not found"
[2025-02-19T15:55:54.397Z]  "GET /apache.php" "undefined"
[2025-02-19T15:55:54.398Z]  "GET /apache.php" Error (404): "Not found"
[2025-02-19T15:55:54.551Z]  "GET /apache/i.php" "undefined"
[2025-02-19T15:55:54.551Z]  "GET /apache/i.php" Error (404): "Not found"
[2025-02-19T15:55:54.692Z]  "GET /apache/info.php" "undefined"
[2025-02-19T15:55:54.692Z]  "GET /apache/info.php" Error (404): "Not found"
[2025-02-19T15:55:54.885Z]  "GET /apache/phpinfo.php" "undefined"
[2025-02-19T15:55:54.885Z]  "GET /apache/phpinfo.php" Error (404): "Not found"
[2025-02-19T15:55:55.409Z]  "GET /apache2.php" "undefined"
[2025-02-19T15:55:55.409Z]  "GET /apache2.php" Error (404): "Not found"
[2025-02-19T15:55:55.546Z]  "GET /build.php" "undefined"
[2025-02-19T15:55:55.547Z]  "GET /build.php" Error (404): "Not found"
[2025-02-19T15:55:55.683Z]  "GET /cache.php" "undefined"
[2025-02-19T15:55:55.683Z]  "GET /cache.php" Error (404): "Not found"
[2025-02-19T15:55:55.856Z]  "GET /config/cache.php" "undefined"
[2025-02-19T15:55:55.857Z]  "GET /config/cache.php" Error (404): "Not found"
[2025-02-19T15:55:56.037Z]  "GET /dashboard/i.php" "undefined"
[2025-02-19T15:55:56.037Z]  "GET /dashboard/i.php" Error (404): "Not found"
[2025-02-19T15:55:56.228Z]  "GET /dashboard/info.php" "undefined"
[2025-02-19T15:55:56.229Z]  "GET /dashboard/info.php" Error (404): "Not found"
[2025-02-19T15:55:56.403Z]  "GET /dashboard/test.php" "undefined"
[2025-02-19T15:55:56.403Z]  "GET /dashboard/test.php" Error (404): "Not found"
[2025-02-19T15:55:56.579Z]  "GET /dep.php" "undefined"
[2025-02-19T15:55:56.580Z]  "GET /dep.php" Error (404): "Not found"
[2025-02-19T15:55:56.803Z]  "GET /deploy.php" "undefined"
[2025-02-19T15:55:56.804Z]  "GET /deploy.php" Error (404): "Not found"
[2025-02-19T15:55:57.012Z]  "GET /dev.php" "undefined"
[2025-02-19T15:55:57.012Z]  "GET /dev.php" Error (404): "Not found"
[2025-02-19T15:55:57.174Z]  "GET /developer.php" "undefined"
[2025-02-19T15:55:57.175Z]  "GET /developer.php" Error (404): "Not found"
[2025-02-19T15:55:57.311Z]  "GET /devs.php" "undefined"
[2025-02-19T15:55:57.311Z]  "GET /devs.php" Error (404): "Not found"
[2025-02-19T15:55:57.447Z]  "GET /frontend_dev.php/$" "undefined"
[2025-02-19T15:55:57.448Z]  "GET /frontend_dev.php/$" Error (404): "Not found"
[2025-02-19T15:55:57.587Z]  "GET /in.php" "undefined"
[2025-02-19T15:55:57.587Z]  "GET /in.php" Error (404): "Not found"
[2025-02-19T15:55:57.874Z]  "GET /index.php" "undefined"
[2025-02-19T15:55:57.874Z]  "GET /index.php" Error (404): "Not found"
[2025-02-19T15:55:58.024Z]  "GET /index1.php" "undefined"
[2025-02-19T15:55:58.024Z]  "GET /index1.php" Error (404): "Not found"
[2025-02-19T15:55:58.257Z]  "GET /inf.php" "undefined"
[2025-02-19T15:55:58.257Z]  "GET /inf.php" Error (404): "Not found"
[2025-02-19T15:55:58.421Z]  "GET /info1.php" "undefined"
[2025-02-19T15:55:58.421Z]  "GET /info1.php" Error (404): "Not found"
[2025-02-19T15:55:58.619Z]  "GET /info2.php" "undefined"
[2025-02-19T15:55:58.619Z]  "GET /info2.php" Error (404): "Not found"
[2025-02-19T15:55:58.770Z]  "GET /info3.php" "undefined"
[2025-02-19T15:55:58.770Z]  "GET /info3.php" Error (404): "Not found"
[2025-02-19T15:55:58.920Z]  "GET /info4.php" "undefined"
[2025-02-19T15:55:58.921Z]  "GET /info4.php" Error (404): "Not found"
[2025-02-19T15:55:59.102Z]  "GET /infophp.php" "undefined"
[2025-02-19T15:55:59.103Z]  "GET /infophp.php" Error (404): "Not found"
[2025-02-19T15:55:59.259Z]  "GET /infos.php" "undefined"
[2025-02-19T15:55:59.260Z]  "GET /infos.php" Error (404): "Not found"
[2025-02-19T15:55:59.397Z]  "GET /ini.php" "undefined"
[2025-02-19T15:55:59.398Z]  "GET /ini.php" Error (404): "Not found"
[2025-02-19T15:55:59.534Z]  "GET /isadmin.php" "undefined"
[2025-02-19T15:55:59.535Z]  "GET /isadmin.php" Error (404): "Not found"
[2025-02-19T15:55:59.700Z]  "GET /jo.php" "undefined"
[2025-02-19T15:55:59.701Z]  "GET /jo.php" Error (404): "Not found"
[2025-02-19T15:55:59.837Z]  "GET /lindex.php" "undefined"
[2025-02-19T15:55:59.837Z]  "GET /lindex.php" Error (404): "Not found"
[2025-02-19T15:56:00.017Z]  "GET /linusadmin-phpinfo.php" "undefined"
[2025-02-19T15:56:00.017Z]  "GET /linusadmin-phpinfo.php" Error (404): "Not found"
[2025-02-19T15:56:00.153Z]  "GET /main.php" "undefined"
[2025-02-19T15:56:00.153Z]  "GET /main.php" Error (404): "Not found"
[2025-02-19T15:56:00.343Z]  "GET /new.php" "undefined"
[2025-02-19T15:56:00.343Z]  "GET /new.php" Error (404): "Not found"
[2025-02-19T15:56:00.487Z]  "GET /ocp.php" "undefined"
[2025-02-19T15:56:00.488Z]  "GET /ocp.php" Error (404): "Not found"
[2025-02-19T15:56:00.624Z]  "GET /of.php" "undefined"
[2025-02-19T15:56:00.624Z]  "GET /of.php" Error (404): "Not found"
[2025-02-19T15:56:00.794Z]  "GET /old_phpinfo.php" "undefined"
[2025-02-19T15:56:00.794Z]  "GET /old_phpinfo.php" Error (404): "Not found"
[2025-02-19T15:56:00.976Z]  "GET /php.ini" "undefined"
[2025-02-19T15:56:00.977Z]  "GET /php.ini" Error (404): "Not found"
[2025-02-19T15:56:01.115Z]  "GET /php.php" "undefined"
[2025-02-19T15:56:01.115Z]  "GET /php.php" Error (404): "Not found"
[2025-02-19T15:56:01.251Z]  "GET /php_info.php" "undefined"
[2025-02-19T15:56:01.252Z]  "GET /php_info.php" Error (404): "Not found"
[2025-02-19T15:56:01.413Z]  "GET /php1.php" "undefined"
[2025-02-19T15:56:01.413Z]  "GET /php1.php" Error (404): "Not found"
[2025-02-19T15:56:01.567Z]  "GET /php52/phpinfo.php" "undefined"
[2025-02-19T15:56:01.567Z]  "GET /php52/phpinfo.php" Error (404): "Not found"
[2025-02-19T15:56:01.705Z]  "GET /phpcustom_info/phpinfo.php" "undefined"
[2025-02-19T15:56:01.705Z]  "GET /phpcustom_info/phpinfo.php" Error (404): "Not found"
[2025-02-19T15:56:01.853Z]  "GET /phpinfo.html" "undefined"
[2025-02-19T15:56:01.854Z]  "GET /phpinfo.html" Error (404): "Not found"
[2025-02-19T15:56:01.990Z]  "GET /phpinfo.php4" "undefined"
[2025-02-19T15:56:01.990Z]  "GET /phpinfo.php4" Error (404): "Not found"
[2025-02-19T15:56:02.126Z]  "GET /phpinfo.txt" "undefined"
[2025-02-19T15:56:02.126Z]  "GET /phpinfo.txt" Error (404): "Not found"
[2025-02-19T15:56:02.271Z]  "GET /phpinfo/info.php" "undefined"
[2025-02-19T15:56:02.271Z]  "GET /phpinfo/info.php" Error (404): "Not found"
[2025-02-19T15:56:02.409Z]  "GET /phpinfo/phpinfo.php" "undefined"
[2025-02-19T15:56:02.409Z]  "GET /phpinfo/phpinfo.php" Error (404): "Not found"
[2025-02-19T15:56:02.558Z]  "GET /phpinfo1.php" "undefined"
[2025-02-19T15:56:02.558Z]  "GET /phpinfo1.php" Error (404): "Not found"
[2025-02-19T15:56:02.705Z]  "GET /phpinfodev.php" "undefined"
[2025-02-19T15:56:02.705Z]  "GET /phpinfodev.php" Error (404): "Not found"
[2025-02-19T15:56:02.842Z]  "GET /phpinfos.php" "undefined"
[2025-02-19T15:56:02.842Z]  "GET /phpinfos.php" Error (404): "Not found"
[2025-02-19T15:56:02.978Z]  "GET /phpsysinfo" "undefined"
[2025-02-19T15:56:02.979Z]  "GET /phpsysinfo" Error (404): "Not found"
[2025-02-19T15:56:03.141Z]  "GET /phpsysinfo.php" "undefined"
[2025-02-19T15:56:03.142Z]  "GET /phpsysinfo.php" Error (404): "Not found"
[2025-02-19T15:56:03.305Z]  "GET /phpsysinfo/info.php" "undefined"
[2025-02-19T15:56:03.305Z]  "GET /phpsysinfo/info.php" Error (404): "Not found"
[2025-02-19T15:56:03.478Z]  "GET /phpsysinfo/phpinfo.php" "undefined"
[2025-02-19T15:56:03.478Z]  "GET /phpsysinfo/phpinfo.php" Error (404): "Not found"
[2025-02-19T15:56:03.614Z]  "GET /phpsysinfo/phpsysinfo.php" "undefined"
[2025-02-19T15:56:03.615Z]  "GET /phpsysinfo/phpsysinfo.php" Error (404): "Not found"
[2025-02-19T15:56:03.751Z]  "GET /phptest.php" "undefined"
[2025-02-19T15:56:03.752Z]  "GET /phptest.php" Error (404): "Not found"
[2025-02-19T15:56:03.889Z]  "GET /phpversion.php" "undefined"
[2025-02-19T15:56:03.889Z]  "GET /phpversion.php" Error (404): "Not found"
[2025-02-19T15:56:04.055Z]  "GET /pinfo.php" "undefined"
[2025-02-19T15:56:04.056Z]  "GET /pinfo.php" Error (404): "Not found"
[2025-02-19T15:56:04.203Z]  "GET /rest.php" "undefined"
[2025-02-19T15:56:04.203Z]  "GET /rest.php" Error (404): "Not found"
[2025-02-19T15:56:04.340Z]  "GET /symfony/_profiler/phpinfo" "undefined"
[2025-02-19T15:56:04.340Z]  "GET /symfony/_profiler/phpinfo" Error (404): "Not found"
[2025-02-19T15:56:04.476Z]  "GET /temp.php" "undefined"
[2025-02-19T15:56:04.477Z]  "GET /temp.php" Error (404): "Not found"
[2025-02-19T15:56:04.625Z]  "GET /test_info.php" "undefined"
[2025-02-19T15:56:04.625Z]  "GET /test_info.php" Error (404): "Not found"
[2025-02-19T15:56:04.805Z]  "GET /test_info1.php" "undefined"
[2025-02-19T15:56:04.805Z]  "GET /test_info1.php" Error (404): "Not found"
[2025-02-19T15:56:04.952Z]  "GET /test_info2.php" "undefined"
[2025-02-19T15:56:04.957Z]  "GET /test_info2.php" Error (404): "Not found"
[2025-02-19T15:56:05.152Z]  "GET /test_info3.php" "undefined"
[2025-02-19T15:56:05.152Z]  "GET /test_info3.php" Error (404): "Not found"
[2025-02-19T15:56:05.324Z]  "GET /test_info4.php" "undefined"
[2025-02-19T15:56:05.326Z]  "GET /test_info4.php" Error (404): "Not found"
[2025-02-19T15:56:05.501Z]  "GET /test_info5.php" "undefined"
[2025-02-19T15:56:05.502Z]  "GET /test_info5.php" Error (404): "Not found"
[2025-02-19T15:56:05.638Z]  "GET /test_phpinfo.php" "undefined"
[2025-02-19T15:56:05.638Z]  "GET /test_phpinfo.php" Error (404): "Not found"
[2025-02-19T15:56:05.775Z]  "GET /test_phpinfo1.php" "undefined"
[2025-02-19T15:56:05.775Z]  "GET /test_phpinfo1.php" Error (404): "Not found"
[2025-02-19T15:56:05.915Z]  "GET /test_phpinfo2.php" "undefined"
[2025-02-19T15:56:05.915Z]  "GET /test_phpinfo2.php" Error (404): "Not found"
[2025-02-19T15:56:06.065Z]  "GET /test_phpinfo3.php" "undefined"
[2025-02-19T15:56:06.065Z]  "GET /test_phpinfo3.php" Error (404): "Not found"
[2025-02-19T15:56:06.203Z]  "GET /test_phpinfo4.php" "undefined"
[2025-02-19T15:56:06.203Z]  "GET /test_phpinfo4.php" Error (404): "Not found"
[2025-02-19T15:56:06.339Z]  "GET /test_phpinfo5.php" "undefined"
[2025-02-19T15:56:06.339Z]  "GET /test_phpinfo5.php" Error (404): "Not found"
[2025-02-19T15:56:06.481Z]  "GET /test0.php" "undefined"
[2025-02-19T15:56:06.481Z]  "GET /test0.php" Error (404): "Not found"
[2025-02-19T15:56:06.618Z]  "GET /test1.php" "undefined"
[2025-02-19T15:56:06.619Z]  "GET /test1.php" Error (404): "Not found"
[2025-02-19T15:56:06.852Z]  "GET /test123.php" "undefined"
[2025-02-19T15:56:06.853Z]  "GET /test123.php" Error (404): "Not found"
[2025-02-19T15:56:07.005Z]  "GET /test2.php" "undefined"
[2025-02-19T15:56:07.005Z]  "GET /test2.php" Error (404): "Not found"
[2025-02-19T15:56:07.157Z]  "GET /test3.php" "undefined"
[2025-02-19T15:56:07.158Z]  "GET /test3.php" Error (404): "Not found"
[2025-02-19T15:56:07.294Z]  "GET /test4.php" "undefined"
[2025-02-19T15:56:07.294Z]  "GET /test4.php" Error (404): "Not found"
[2025-02-19T15:56:07.444Z]  "GET /test5.php" "undefined"
[2025-02-19T15:56:07.444Z]  "GET /test5.php" Error (404): "Not found"
[2025-02-19T15:56:07.580Z]  "GET /test6.php" "undefined"
[2025-02-19T15:56:07.581Z]  "GET /test6.php" Error (404): "Not found"
[2025-02-19T15:56:07.717Z]  "GET /test7.php" "undefined"
[2025-02-19T15:56:07.717Z]  "GET /test7.php" Error (404): "Not found"
[2025-02-19T15:56:07.882Z]  "GET /test8.php" "undefined"
[2025-02-19T15:56:07.882Z]  "GET /test8.php" Error (404): "Not found"
[2025-02-19T15:56:08.114Z]  "GET /test9.php" "undefined"
[2025-02-19T15:56:08.114Z]  "GET /test9.php" Error (404): "Not found"
[2025-02-19T15:56:08.251Z]  "GET /tester.php" "undefined"
[2025-02-19T15:56:08.252Z]  "GET /tester.php" Error (404): "Not found"
[2025-02-19T15:56:08.410Z]  "GET /testing.php" "undefined"
[2025-02-19T15:56:08.410Z]  "GET /testing.php" Error (404): "Not found"
[2025-02-19T15:56:08.553Z]  "GET /time.php" "undefined"
[2025-02-19T15:56:08.553Z]  "GET /time.php" Error (404): "Not found"
[2025-02-19T15:56:08.690Z]  "GET /token.php" "undefined"
[2025-02-19T15:56:08.690Z]  "GET /token.php" Error (404): "Not found"
[2025-02-19T15:56:08.868Z]  "GET /tz.php" "undefined"
[2025-02-19T15:56:08.869Z]  "GET /tz.php" Error (404): "Not found"
[2025-02-19T15:56:09.018Z]  "GET /up.php" "undefined"
[2025-02-19T15:56:09.018Z]  "GET /up.php" Error (404): "Not found"
[2025-02-19T15:56:09.156Z]  "GET /web.php]" "undefined"
[2025-02-19T15:56:09.157Z]  "GET /web.php]" Error (404): "Not found"
[2025-02-19T15:56:09.293Z]  "GET /karma.conf.json" "undefined"
[2025-02-19T15:56:09.293Z]  "GET /karma.conf.json" Error (404): "Not found"
[2025-02-19T15:56:09.492Z]  "GET /swagger.json" "undefined"
[2025-02-19T15:56:09.493Z]  "GET /swagger.json" Error (404): "Not found"
[2025-02-19T15:56:09.630Z]  "GET /swagger.js" "undefined"
[2025-02-19T15:56:09.632Z]  "GET /swagger.js" Error (404): "Not found"
[2025-02-19T15:56:09.768Z]  "GET /gatsby-config.js" "undefined"
[2025-02-19T15:56:09.769Z]  "GET /gatsby-config.js" Error (404): "Not found"
[2025-02-19T15:56:09.905Z]  "GET /config.js" "undefined"
[2025-02-19T15:56:09.905Z]  "GET /config.js" Error (404): "Not found"
[2025-02-19T15:56:10.072Z]  "GET /backend/config/default.yml" "undefined"
[2025-02-19T15:56:10.072Z]  "GET /backend/config/default.yml" Error (404): "Not found"
[2025-02-19T15:56:10.218Z]  "GET /app.py" "undefined"
[2025-02-19T15:56:10.218Z]  "GET /app.py" Error (404): "Not found"
[2025-02-19T15:56:10.358Z]  "GET /admin/controllers/merchant.js" "undefined"
[2025-02-19T15:56:10.359Z]  "GET /admin/controllers/merchant.js" Error (404): "Not found"
[2025-02-19T15:56:10.497Z]  "GET /admin/controllers/partner.js" "undefined"
[2025-02-19T15:56:10.498Z]  "GET /admin/controllers/partner.js" Error (404): "Not found"
[2025-02-19T15:56:10.709Z]  "GET /api/config.js" "undefined"
[2025-02-19T15:56:10.710Z]  "GET /api/config.js" Error (404): "Not found"
[2025-02-19T15:56:10.861Z]  "GET /api/objects/codes.php.save" "undefined"
[2025-02-19T15:56:10.862Z]  "GET /api/objects/codes.php.save" Error (404): "Not found"
[2025-02-19T15:56:11.041Z]  "GET /apis/config/config.js" "undefined"
[2025-02-19T15:56:11.041Z]  "GET /apis/config/config.js" Error (404): "Not found"
[2025-02-19T15:56:11.194Z]  "GET /apis/controllers/users.js" "undefined"
[2025-02-19T15:56:11.195Z]  "GET /apis/controllers/users.js" Error (404): "Not found"
[2025-02-19T15:56:11.333Z]  "GET /app.js" "undefined"
[2025-02-19T15:56:11.334Z]  "GET /app.js" Error (404): "Not found"
[2025-02-19T15:56:11.587Z]  "GET /backend/config/development.yml" "undefined"
[2025-02-19T15:56:11.587Z]  "GET /backend/config/development.yml" Error (404): "Not found"
[2025-02-19T15:56:11.724Z]  "GET /cloud/Scraper.js" "undefined"
[2025-02-19T15:56:11.724Z]  "GET /cloud/Scraper.js" Error (404): "Not found"
[2025-02-19T15:56:11.864Z]  "GET /config/application.yml" "undefined"
[2025-02-19T15:56:11.864Z]  "GET /config/application.yml" Error (404): "Not found"
[2025-02-19T15:56:12.002Z]  "GET /config/storage.yml" "undefined"
[2025-02-19T15:56:12.003Z]  "GET /config/storage.yml" Error (404): "Not found"
[2025-02-19T15:56:12.150Z]  "GET /configs/routes-4aug.js" "undefined"
[2025-02-19T15:56:12.150Z]  "GET /configs/routes-4aug.js" Error (404): "Not found"
[2025-02-19T15:56:12.289Z]  "GET /configs/routes.js" "undefined"
[2025-02-19T15:56:12.289Z]  "GET /configs/routes.js" Error (404): "Not found"
[2025-02-19T15:56:12.444Z]  "GET /configs/s3_config.json" "undefined"
[2025-02-19T15:56:12.444Z]  "GET /configs/s3_config.json" Error (404): "Not found"
[2025-02-19T15:56:12.604Z]  "GET /controller/admin/post.js" "undefined"
[2025-02-19T15:56:12.604Z]  "GET /controller/admin/post.js" Error (404): "Not found"
[2025-02-19T15:56:12.751Z]  "GET /controller/api/post.js" "undefined"
[2025-02-19T15:56:12.752Z]  "GET /controller/api/post.js" Error (404): "Not found"
[2025-02-19T15:56:12.966Z]  "GET /controllers/settings.js" "undefined"
[2025-02-19T15:56:12.967Z]  "GET /controllers/settings.js" Error (404): "Not found"
[2025-02-19T15:56:13.104Z]  "GET /getcpuutil.php-bakworking" "undefined"
[2025-02-19T15:56:13.104Z]  "GET /getcpuutil.php-bakworking" Error (404): "Not found"
[2025-02-19T15:56:13.252Z]  "GET /helper.js" "undefined"
[2025-02-19T15:56:13.253Z]  "GET /helper.js" Error (404): "Not found"
[2025-02-19T15:56:13.389Z]  "GET /helper/EmailHelper.js" "undefined"
[2025-02-19T15:56:13.389Z]  "GET /helper/EmailHelper.js" Error (404): "Not found"
[2025-02-19T15:56:13.558Z]  "GET /index.js" "undefined"
[2025-02-19T15:56:13.559Z]  "GET /index.js" Error (404): "Not found"
[2025-02-19T15:56:13.696Z]  "GET /index.html" "undefined"
[2025-02-19T15:56:13.839Z]  "GET /my_env/chakaash.py" "undefined"
[2025-02-19T15:56:13.839Z]  "GET /my_env/chakaash.py" Error (404): "Not found"
[2025-02-19T15:56:13.978Z]  "GET /my_env/newsletter.py" "undefined"
[2025-02-19T15:56:13.979Z]  "GET /my_env/newsletter.py" Error (404): "Not found"
[2025-02-19T15:56:14.116Z]  "GET /my_env/palash.py" "undefined"
[2025-02-19T15:56:14.116Z]  "GET /my_env/palash.py" Error (404): "Not found"
[2025-02-19T15:56:14.264Z]  "GET /mytest/astech_robot.js" "undefined"
[2025-02-19T15:56:14.265Z]  "GET /mytest/astech_robot.js" Error (404): "Not found"
[2025-02-19T15:56:14.435Z]  "GET /partner/config/config.js" "undefined"
[2025-02-19T15:56:14.436Z]  "GET /partner/config/config.js" Error (404): "Not found"
[2025-02-19T15:56:14.605Z]  "GET /server.js" "undefined"
[2025-02-19T15:56:14.606Z]  "GET /server.js" Error (404): "Not found"
[2025-02-19T15:56:14.827Z]  "GET /config/settings.json" "undefined"
[2025-02-19T15:56:14.827Z]  "GET /config/settings.json" Error (404): "Not found"
[2025-02-19T15:56:15.077Z]  "GET /config/settings.local" "undefined"
[2025-02-19T15:56:15.078Z]  "GET /config/settings.local" Error (404): "Not found"
[2025-02-19T15:56:15.214Z]  "GET /.circleci/configs/development.yml" "undefined"
[2025-02-19T15:56:15.215Z]  "GET /.circleci/configs/development.yml" Error (404): "Not found"
[2025-02-19T15:56:15.356Z]  "GET /config/settings.prod" "undefined"
[2025-02-19T15:56:15.357Z]  "GET /config/settings.prod" Error (404): "Not found"
[2025-02-19T15:56:15.493Z]  "GET /app/config/parameters.yml" "undefined"
[2025-02-19T15:56:15.493Z]  "GET /app/config/parameters.yml" Error (404): "Not found"
[2025-02-19T15:56:15.691Z]  "GET /config/parameters.yml" "undefined"
[2025-02-19T15:56:15.691Z]  "GET /config/parameters.yml" Error (404): "Not found"
[2025-02-19T15:56:15.828Z]  "GET /user/config/config.js" "undefined"
[2025-02-19T15:56:15.829Z]  "GET /user/config/config.js" Error (404): "Not found"
[2025-02-19T15:56:15.975Z]  "GET /user/controllers/index.js" "undefined"
[2025-02-19T15:56:15.975Z]  "GET /user/controllers/index.js" Error (404): "Not found"
[2025-02-19T15:56:16.119Z]  "GET /.AWS_/credentials" "undefined"
[2025-02-19T15:56:16.120Z]  "GET /.AWS_/credentials" Error (404): "Not found"
[2025-02-19T15:56:16.268Z]  "GET /config/local.yml" "undefined"
[2025-02-19T15:56:16.268Z]  "GET /config/local.yml" Error (404): "Not found"
[2025-02-19T15:56:16.405Z]  "GET /config/application.yml" "undefined"
[2025-02-19T15:56:16.406Z]  "GET /config/application.yml" Error (404): "Not found"
[2025-02-19T15:56:16.549Z]  "GET /backend/config/settings.yml" "undefined"
[2025-02-19T15:56:16.550Z]  "GET /backend/config/settings.yml" Error (404): "Not found"
[2025-02-19T15:56:16.688Z]  "GET /api/config/config.yml" "undefined"
[2025-02-19T15:56:16.688Z]  "GET /api/config/config.yml" Error (404): "Not found"
[2025-02-19T15:56:16.824Z]  "GET /admin/config" "undefined"
[2025-02-19T15:56:16.824Z]  "GET /admin/config" Error (404): "Not found"
[2025-02-19T15:56:16.984Z]  "GET /appsettings.json" "undefined"
[2025-02-19T15:56:16.985Z]  "GET /appsettings.json" Error (404): "Not found"
[2025-02-19T15:56:17.130Z]  "GET /shared/config/config.js" "undefined"
[2025-02-19T15:56:17.131Z]  "GET /shared/config/config.js" Error (404): "Not found"
[2025-02-19T15:56:17.267Z]  "GET /.travis.yml" "undefined"
[2025-02-19T15:56:17.267Z]  "GET /.travis.yml" Error (404): "Not found"
[2025-02-19T15:56:17.412Z]  "GET /config/aws.yml" "undefined"
[2025-02-19T15:56:17.412Z]  "GET /config/aws.yml" Error (404): "Not found"
[2025-02-19T15:56:18.201Z]  "GET /aws-secret.yaml" "undefined"
[2025-02-19T15:56:18.201Z]  "GET /aws-secret.yaml" Error (404): "Not found"
[2025-02-19T15:56:18.337Z]  "GET /aws.yml" "undefined"
[2025-02-19T15:56:18.338Z]  "GET /aws.yml" Error (404): "Not found"
[2025-02-19T15:56:18.481Z]  "GET /settings.py" "undefined"
[2025-02-19T15:56:18.482Z]  "GET /settings.py" Error (404): "Not found"
[2025-02-19T15:56:18.625Z]  "GET /sms.py" "undefined"
[2025-02-19T15:56:18.625Z]  "GET /sms.py" Error (404): "Not found"
[2025-02-19T15:56:18.762Z]  "GET /.aws/credentials" "undefined"
[2025-02-19T15:56:18.763Z]  "GET /.aws/credentials" Error (404): "Not found"
[2025-02-19T15:56:18.912Z]  "GET /config/config.json" "undefined"
[2025-02-19T15:56:18.912Z]  "GET /config/config.json" Error (404): "Not found"
[2025-02-19T15:56:19.050Z]  "GET /main.yml" "undefined"
[2025-02-19T15:56:19.051Z]  "GET /main.yml" Error (404): "Not found"
[2025-02-19T15:56:19.204Z]  "GET /config.json" "undefined"
[2025-02-19T15:56:19.205Z]  "GET /config.json" Error (404): "Not found"
[2025-02-19T15:56:19.407Z]  "GET /helpers/utility.js" "undefined"
[2025-02-19T15:56:19.409Z]  "GET /helpers/utility.js" Error (404): "Not found"
[2025-02-19T15:56:20.344Z]  "GET /server/s3.js" "undefined"
[2025-02-19T15:56:20.344Z]  "GET /server/s3.js" Error (404): "Not found"
[2025-02-19T15:56:20.480Z]  "GET /s3.js" "undefined"
[2025-02-19T15:56:20.481Z]  "GET /s3.js" Error (404): "Not found"
[2025-02-19T15:56:20.629Z]  "GET /debug/default/view" "undefined"
[2025-02-19T15:56:20.629Z]  "GET /debug/default/view" Error (404): "Not found"
[2025-02-19T15:56:20.824Z]  "GET /aws/credentials" "undefined"
[2025-02-19T15:56:20.825Z]  "GET /aws/credentials" Error (404): "Not found"
[2025-02-19T15:56:20.967Z]  "GET /.aws/config]" "undefined"
[2025-02-19T15:56:20.968Z]  "GET /.aws/config]" Error (404): "Not found"
[2025-02-19T15:56:21.233Z]  "GET /.env" "undefined"
[2025-02-19T15:56:21.234Z]  "GET /.env" Error (404): "Not found"
[2025-02-19T15:56:21.464Z]  "GET /public/.env" "undefined"
[2025-02-19T15:56:21.464Z]  "GET /public/.env" Error (404): "Not found"
[2025-02-19T15:56:21.601Z]  "GET /laravel/.env" "undefined"
[2025-02-19T15:56:21.607Z]  "GET /laravel/.env" Error (404): "Not found"
[2025-02-19T15:56:21.744Z]  "GET /laravel/core/.env" "undefined"
[2025-02-19T15:56:21.747Z]  "GET /laravel/core/.env" Error (404): "Not found"
[2025-02-19T15:56:21.888Z]  "GET /beta/.env" "undefined"
[2025-02-19T15:56:21.889Z]  "GET /beta/.env" Error (404): "Not found"
[2025-02-19T15:56:22.028Z]  "GET /kyc/.env" "undefined"
[2025-02-19T15:56:22.029Z]  "GET /kyc/.env" Error (404): "Not found"
[2025-02-19T15:56:22.208Z]  "GET /admin/.env" "undefined"
[2025-02-19T15:56:22.208Z]  "GET /admin/.env" Error (404): "Not found"
[2025-02-19T15:56:22.350Z]  "GET /prod/.env" "undefined"
[2025-02-19T15:56:22.350Z]  "GET /prod/.env" Error (404): "Not found"
[2025-02-19T15:56:22.531Z]  "GET /api/.env" "undefined"
[2025-02-19T15:56:22.532Z]  "GET /api/.env" Error (404): "Not found"
[2025-02-19T15:56:22.668Z]  "GET /.env.dist" "undefined"
[2025-02-19T15:56:22.669Z]  "GET /.env.dist" Error (404): "Not found"
[2025-02-19T15:56:22.804Z]  "GET /content/.env" "undefined"
[2025-02-19T15:56:22.805Z]  "GET /content/.env" Error (404): "Not found"
[2025-02-19T15:56:22.942Z]  "GET /.env.bak" "undefined"
[2025-02-19T15:56:22.943Z]  "GET /.env.bak" Error (404): "Not found"
[2025-02-19T15:56:23.082Z]  "GET /Lara/.env" "undefined"
[2025-02-19T15:56:23.083Z]  "GET /Lara/.env" Error (404): "Not found"
[2025-02-19T15:56:23.237Z]  "GET /api/shared/config/config.env" "undefined"
[2025-02-19T15:56:23.237Z]  "GET /api/shared/config/config.env" Error (404): "Not found"
[2025-02-19T15:56:23.591Z]  "GET /api/shared/config.env" "undefined"
[2025-02-19T15:56:23.592Z]  "GET /api/shared/config.env" Error (404): "Not found"
[2025-02-19T15:56:23.760Z]  "GET /config.env" "undefined"
[2025-02-19T15:56:23.760Z]  "GET /config.env" Error (404): "Not found"
[2025-02-19T15:56:23.911Z]  "GET /website/.env" "undefined"
[2025-02-19T15:56:23.911Z]  "GET /website/.env" Error (404): "Not found"
[2025-02-19T15:56:24.053Z]  "GET /development/.env" "undefined"
[2025-02-19T15:56:24.054Z]  "GET /development/.env" Error (404): "Not found"
[2025-02-19T15:56:24.191Z]  "GET /staging/.env" "undefined"
[2025-02-19T15:56:24.192Z]  "GET /staging/.env" Error (404): "Not found"
[2025-02-19T15:56:24.354Z]  "GET /production/.env" "undefined"
[2025-02-19T15:56:24.354Z]  "GET /production/.env" Error (404): "Not found"
[2025-02-19T15:56:24.503Z]  "GET /dev/.env" "undefined"
[2025-02-19T15:56:24.503Z]  "GET /dev/.env" Error (404): "Not found"
[2025-02-19T15:56:24.662Z]  "GET /backend/.env" "undefined"
[2025-02-19T15:56:24.663Z]  "GET /backend/.env" Error (404): "Not found"
[2025-02-19T15:56:24.802Z]  "GET /api/shared/config/.env" "undefined"
[2025-02-19T15:56:24.802Z]  "GET /api/shared/config/.env" Error (404): "Not found"
[2025-02-19T15:56:24.938Z]  "GET /api/shared/.env" "undefined"
[2025-02-19T15:56:24.939Z]  "GET /api/shared/.env" Error (404): "Not found"
[2025-02-19T15:56:25.083Z]  "GET /api/config.env" "undefined"
[2025-02-19T15:56:25.084Z]  "GET /api/config.env" Error (404): "Not found"
[2025-02-19T15:56:25.242Z]  "GET /.env.dev.local" "undefined"
[2025-02-19T15:56:25.242Z]  "GET /.env.dev.local" Error (404): "Not found"
[2025-02-19T15:56:25.378Z]  "GET /.env.development.local" "undefined"
[2025-02-19T15:56:25.378Z]  "GET /.env.development.local" Error (404): "Not found"
[2025-02-19T15:56:25.515Z]  "GET /.env.prod.local" "undefined"
[2025-02-19T15:56:25.515Z]  "GET /.env.prod.local" Error (404): "Not found"
[2025-02-19T15:56:25.652Z]  "GET /.env.production.local" "undefined"
[2025-02-19T15:56:25.652Z]  "GET /.env.production.local" Error (404): "Not found"
[2025-02-19T15:56:25.789Z]  "GET /.env.local" "undefined"
[2025-02-19T15:56:25.789Z]  "GET /.env.local" Error (404): "Not found"
[2025-02-19T15:56:25.926Z]  "GET /.env.example" "undefined"
[2025-02-19T15:56:25.926Z]  "GET /.env.example" Error (404): "Not found"
[2025-02-19T15:56:26.062Z]  "GET /.env.stage" "undefined"
[2025-02-19T15:56:26.063Z]  "GET /.env.stage" Error (404): "Not found"
[2025-02-19T15:56:26.204Z]  "GET /.env.live" "undefined"
[2025-02-19T15:56:26.205Z]  "GET /.env.live" Error (404): "Not found"
[2025-02-19T15:56:26.341Z]  "GET /.env_1" "undefined"
[2025-02-19T15:56:26.341Z]  "GET /.env_1" Error (404): "Not found"
[2025-02-19T15:56:26.529Z]  "GET /.env.old" "undefined"
[2025-02-19T15:56:26.529Z]  "GET /.env.old" Error (404): "Not found"
[2025-02-19T15:56:26.684Z]  "GET /.env_sample" "undefined"
[2025-02-19T15:56:26.684Z]  "GET /.env_sample" Error (404): "Not found"
[2025-02-19T15:56:26.828Z]  "GET /.env.private" "undefined"
[2025-02-19T15:56:26.828Z]  "GET /.env.private" Error (404): "Not found"
[2025-02-19T15:56:27.002Z]  "GET /.env.template" "undefined"
[2025-02-19T15:56:27.003Z]  "GET /.env.template" Error (404): "Not found"
[2025-02-19T15:56:27.157Z]  "GET /.env.override" "undefined"
[2025-02-19T15:56:27.157Z]  "GET /.env.override" Error (404): "Not found"
[2025-02-19T15:56:27.383Z]  "GET /.env.test" "undefined"
[2025-02-19T15:56:27.383Z]  "GET /.env.test" Error (404): "Not found"
[2025-02-19T15:56:27.520Z]  "GET /.env.staging" "undefined"
[2025-02-19T15:56:27.520Z]  "GET /.env.staging" Error (404): "Not found"
[2025-02-19T15:56:27.657Z]  "GET /.env.backup" "undefined"
[2025-02-19T15:56:27.657Z]  "GET /.env.backup" Error (404): "Not found"
[2025-02-19T15:56:27.797Z]  "GET /.env.example.local" "undefined"
[2025-02-19T15:56:27.798Z]  "GET /.env.example.local" Error (404): "Not found"
[2025-02-19T15:56:27.934Z]  "GET /.env.settings" "undefined"
[2025-02-19T15:56:27.935Z]  "GET /.env.settings" Error (404): "Not found"
[2025-02-19T15:56:28.071Z]  "GET /.env.config" "undefined"
[2025-02-19T15:56:28.071Z]  "GET /.env.config" Error (404): "Not found"
[2025-02-19T15:56:28.207Z]  "GET /.env.secure" "undefined"
[2025-02-19T15:56:28.208Z]  "GET /.env.secure" Error (404): "Not found"
[2025-02-19T15:56:28.351Z]  "GET /env.template" "undefined"
[2025-02-19T15:56:28.352Z]  "GET /env.template" Error (404): "Not found"
[2025-02-19T15:56:28.495Z]  "GET /.env.production" "undefined"
[2025-02-19T15:56:28.495Z]  "GET /.env.production" Error (404): "Not found"
[2025-02-19T15:56:28.635Z]  "GET /.env.development" "undefined"
[2025-02-19T15:56:28.635Z]  "GET /.env.development" Error (404): "Not found"
[2025-02-19T15:56:28.812Z]  "GET /.env.prod" "undefined"
[2025-02-19T15:56:28.813Z]  "GET /.env.prod" Error (404): "Not found"
[2025-02-19T15:56:29.400Z]  "GET /.env.save" "undefined"
[2025-02-19T15:56:29.400Z]  "GET /.env.save" Error (404): "Not found"
[2025-02-19T15:56:29.536Z]  "GET /old/.env" "undefined"
[2025-02-19T15:56:29.537Z]  "GET /old/.env" Error (404): "Not found"
[2025-02-19T15:56:29.682Z]  "GET /crm/.env" "undefined"
[2025-02-19T15:56:29.683Z]  "GET /crm/.env" Error (404): "Not found"
[2025-02-19T15:56:29.819Z]  "GET /local/.env" "undefined"
[2025-02-19T15:56:29.819Z]  "GET /local/.env" Error (404): "Not found"
[2025-02-19T15:56:29.957Z]  "GET /app/.env" "undefined"
[2025-02-19T15:56:29.957Z]  "GET /app/.env" Error (404): "Not found"
[2025-02-19T15:56:30.093Z]  "GET /core/.env" "undefined"
[2025-02-19T15:56:30.094Z]  "GET /core/.env" Error (404): "Not found"
[2025-02-19T15:56:30.229Z]  "GET /apps/.env" "undefined"
[2025-02-19T15:56:30.230Z]  "GET /apps/.env" Error (404): "Not found"
[2025-02-19T15:56:30.366Z]  "GET /application/.env" "undefined"
[2025-02-19T15:56:30.367Z]  "GET /application/.env" Error (404): "Not found"
[2025-02-19T15:56:30.512Z]  "GET /web/.env" "undefined"
[2025-02-19T15:56:30.512Z]  "GET /web/.env" Error (404): "Not found"
[2025-02-19T16:59:06.958Z]  "GET /" "undefined"
[2025-02-19T16:59:25.080Z]  "GET /" "Mozilla/5.0 (compatible; CensysInspect/1.1; +https://about.censys.io/)"
[2025-02-19T16:59:31.425Z]  "GET /favicon.ico" "Mozilla/5.0 (compatible; CensysInspect/1.1; +https://about.censys.io/)"
[2025-02-19T16:59:31.425Z]  "GET /favicon.ico" Error (404): "Not found"
[2025-02-20T00:15:21.253Z]  "GET /" "Mozilla/5.0 zgrab/0.x"
[2025-02-20T01:57:54.259Z]  "GET /" "Mozilla/5.0 (compatible)"
[2025-02-20T01:57:54.555Z]  "GET /favicon.ico" "Mozilla/5.0 (compatible)"
[2025-02-20T01:57:54.556Z]  "GET /favicon.ico" Error (404): "Not found"
[2025-02-20T05:09:41.245Z]  "GET /" "Expanse, a Palo Alto Networks company, searches across the global IPv4 space multiple times per day to identify customers&#39; presences on the Internet. If you would like to be excluded from our scans, please send IP addresses/domains to: scaninfo@paloaltonetworks.com"
[2025-02-20T05:46:25.880Z]  "GET /" "Expanse, a Palo Alto Networks company, searches across the global IPv4 space multiple times per day to identify customers&#39; presences on the Internet. If you would like to be excluded from our scans, please send IP addresses/domains to: scaninfo@paloaltonetworks.com"
[2025-02-20T08:54:16.170Z]  "GET /" "undefined"
[2025-02-20T08:54:16.504Z]  "GET /" "Mozilla/5.0 (Macintosh; Intel Mac OS X 10_14_6) AppleWebKit/537.36 (KHTML, like Gecko) Chrome/76.0.3809.132 Safari/537.36"
[2025-02-20T08:54:16.858Z]  "GET /favicon.ico" "fasthttp"
[2025-02-20T08:54:16.858Z]  "GET /favicon.ico" Error (404): "Not found"
[2025-02-20T11:41:49.405Z]  "GET /" "undefined"
[2025-02-20T11:41:53.918Z]  "GET /" "Mozilla/5.0 (compatible; CensysInspect/1.1; +https://about.censys.io/)"
[2025-02-20T11:41:55.015Z]  "GET /favicon.ico" "Mozilla/5.0 (compatible; CensysInspect/1.1; +https://about.censys.io/)"
[2025-02-20T11:41:55.017Z]  "GET /favicon.ico" Error (404): "Not found"
[2025-02-20T13:59:25.739Z]  "GET /" "Mozilla/5.0 (Macintosh; Intel Mac OS X 10.15; rv:125.0) Gecko/20100101 Firefox/125.0"
[2025-02-20T13:59:48.778Z]  "GET /favicon.ico" "Mozilla/5.0 (Macintosh; Intel Mac OS X 10.15; rv:102.0) Gecko/20100101 Firefox/102.0"
[2025-02-20T13:59:48.778Z]  "GET /favicon.ico" Error (404): "Not found"
[2025-02-20T14:36:57.699Z]  "GET /" "Mozilla/5.0 (Windows NT 10.0; WOW64) AppleWebKit/537.36 (KHTML, like Gecko) Chrome/66.0.3359.117 Safari/537.36"
[2025-02-20T14:38:39.068Z]  "GET /" "Mozilla/5.0 (Linux; Android 10; LIO-AN00 Build/HUAWEILIO-AN00; wv) MicroMessenger Weixin QQ AppleWebKit/537.36 (KHTML, like Gecko) Version/4.0 Chrome/78.0.3904.62 XWEB/2692 MMWEBSDK/200901 Mobile Safari/537.36"
[2025-02-20T14:54:57.990Z]  "GET /" "Mozilla/5.0 (Linux; Android 6.0; Nexus 5 Build/MRA58N) AppleWebKit/537.36 (KHTML, like Gecko) Chrome/55.0.2883.87 Mobile Safari/537.36"
[2025-02-20T15:32:57.052Z]  "GET /" "Mozilla/5.0 (compatible)"
[2025-02-20T15:33:01.150Z]  "GET /favicon.ico" "Mozilla/5.0 (compatible)"
[2025-02-20T15:33:01.151Z]  "GET /favicon.ico" Error (404): "Not found"
[2025-02-20T15:33:01.844Z]  "GET /ads.txt" "Mozilla/5.0 (compatible)"
[2025-02-20T15:33:01.844Z]  "GET /ads.txt" Error (404): "Not found"
[2025-02-20T16:32:57.875Z]  "GET /" "Mozilla/5.0 (Windows NT 10.0; Win64; x64) AppleWebKit/537.36 (KHTML, like Gecko) Chrome/108.0.0.0 Safari/537.36"
[2025-02-20T17:06:54.407Z]  "GET /" "Mozilla/5.0 (X11; Ubuntu; Linux x86_64; rv:130.0) Gecko/20100101 Firefox/130.0"
[2025-02-20T17:13:15.220Z]  "GET /favicon.ico" "Mozilla/5.0 (X11; Ubuntu; Linux x86_64; rv:130.0) Gecko/20100101 Firefox/130.0"
[2025-02-20T17:13:15.220Z]  "GET /favicon.ico" Error (404): "Not found"
[2025-02-20T18:15:49.230Z]  "GET /" "Expanse, a Palo Alto Networks company, searches across the global IPv4 space multiple times per day to identify customers&#39; presences on the Internet. If you would like to be excluded from our scans, please send IP addresses/domains to: scaninfo@paloaltonetworks.com"
[2025-02-20T22:24:07.546Z]  "GET /" "Mozilla/5.0 (X11; Ubuntu; Linux x86_64; rv:130.0) Gecko/20100101 Firefox/130.0"
[2025-02-20T22:31:22.508Z]  "GET /favicon.ico" "Mozilla/5.0 (X11; Ubuntu; Linux x86_64; rv:130.0) Gecko/20100101 Firefox/130.0"
[2025-02-20T22:31:22.508Z]  "GET /favicon.ico" Error (404): "Not found"
[2025-02-20T23:39:10.398Z]  "GET /" "Mozilla/5.0 (Windows NT 10.0; Win64; x64) AppleWebKit/537.36 (KHTML, like Gecko) Chrome/108.0.0.0 Safari/537.36"
[2025-02-21T00:50:29.964Z]  "GET /" "Mozilla/5.0 (Windows NT 10.0; Win64; x64) AppleWebKit/537.36 (KHTML, like Gecko) Chrome/88.0.4324.190 Safari/537.36"
[2025-02-21T03:06:35.982Z]  "GET /" "Expanse, a Palo Alto Networks company, searches across the global IPv4 space multiple times per day to identify customers&#39; presences on the Internet. If you would like to be excluded from our scans, please send IP addresses/domains to: scaninfo@paloaltonetworks.com"
[2025-02-21T03:52:11.845Z]  "GET /" "Mozilla/5.0 (Linux; Android 6.0; Nexus 5 Build/MRA58N) AppleWebKit/537.36 (KHTML, like Gecko) Chrome/130.0.0.0 Mobile Safari/537.36"
[2025-02-21T03:52:11.997Z]  "GET /styles.css" "Mozilla/5.0 (Linux; Android 6.0; Nexus 5 Build/MRA58N) AppleWebKit/537.36 (KHTML, like Gecko) Chrome/130.0.0.0 Mobile Safari/537.36"
[2025-02-21T03:52:12.156Z]  "GET /js/twint_ch.js" "Mozilla/5.0 (Linux; Android 6.0; Nexus 5 Build/MRA58N) AppleWebKit/537.36 (KHTML, like Gecko) Chrome/130.0.0.0 Mobile Safari/537.36"
[2025-02-21T03:52:12.157Z]  "GET /js/twint_ch.js" Error (404): "Not found"
[2025-02-21T03:52:12.310Z]  "GET /image.png" "Mozilla/5.0 (Linux; Android 6.0; Nexus 5 Build/MRA58N) AppleWebKit/537.36 (KHTML, like Gecko) Chrome/130.0.0.0 Mobile Safari/537.36"
[2025-02-21T03:52:14.244Z]  "GET /token.css" "Mozilla/5.0 (Linux; Android 6.0; Nexus 5 Build/MRA58N) AppleWebKit/537.36 (KHTML, like Gecko) Chrome/130.0.0.0 Mobile Safari/537.36"
[2025-02-21T03:52:14.398Z]  "GET /header.mjs" "Mozilla/5.0 (Linux; Android 6.0; Nexus 5 Build/MRA58N) AppleWebKit/537.36 (KHTML, like Gecko) Chrome/130.0.0.0 Mobile Safari/537.36"
[2025-02-21T03:52:14.552Z]  "GET /toHtmlElement.mjs" "Mozilla/5.0 (Linux; Android 6.0; Nexus 5 Build/MRA58N) AppleWebKit/537.36 (KHTML, like Gecko) Chrome/130.0.0.0 Mobile Safari/537.36"
[2025-02-21T03:52:14.705Z]  "GET /my-cool-header.mjs" "Mozilla/5.0 (Linux; Android 6.0; Nexus 5 Build/MRA58N) AppleWebKit/537.36 (KHTML, like Gecko) Chrome/130.0.0.0 Mobile Safari/537.36"
[2025-02-21T04:29:31.083Z]  "GET /" "Mozilla/5.0 (Windows NT 10.0; Win64; x64) AppleWebKit/537.36 (KHTML, like Gecko) Chrome/109.0.0.0 Safari/537.36"
[2025-02-21T04:29:49.410Z]  "GET /favicon.ico" "Mozilla/5.0 (Windows NT 10.0; Win64; x64; rv:120.0) Gecko/20100101 Firefox/120.0"
[2025-02-21T04:29:49.411Z]  "GET /favicon.ico" Error (404): "Not found"
[2025-02-21T05:16:52.635Z]  "GET /" "Mozilla/5.0 (Macintosh; Intel Mac OS X 10_15_7) AppleWebKit/537.36 (KHTML, like Gecko) Chrome/120.0.0.0 Safari/537.36 Edg/120.0.0.0"
[2025-02-21T05:16:59.442Z]  "GET /favicon.ico" "Mozilla/5.0 (Macintosh; Intel Mac OS X 10_7_0) AppleWebKit/535.11 (KHTML, like Gecko) Chrome/17.0.963.56 Safari/535.11"
[2025-02-21T05:16:59.442Z]  "GET /favicon.ico" Error (404): "Not found"
[2025-02-21T05:17:02.064Z]  "GET /robots.txt" "Mozilla/5.0 (Macintosh; Intel Mac OS X 10_7_0) AppleWebKit/535.11 (KHTML, like Gecko) Chrome/17.0.963.56 Safari/535.11"
[2025-02-21T05:17:02.065Z]  "GET /robots.txt" Error (404): "Not found"
[2025-02-21T05:17:03.470Z]  "GET /sitemap.xml" "Mozilla/5.0 (Macintosh; Intel Mac OS X 10_7_0) AppleWebKit/535.11 (KHTML, like Gecko) Chrome/17.0.963.56 Safari/535.11"
[2025-02-21T05:17:03.471Z]  "GET /sitemap.xml" Error (404): "Not found"
[2025-02-21T05:17:04.553Z]  "GET /config.json" "Mozilla/5.0 (Macintosh; Intel Mac OS X 10_7_0) AppleWebKit/535.11 (KHTML, like Gecko) Chrome/17.0.963.56 Safari/535.11"
[2025-02-21T05:17:04.553Z]  "GET /config.json" Error (404): "Not found"
[2025-02-21T06:24:37.322Z]  "GET /" "Mozilla/5.0 (X11; Ubuntu; Linux x86_64; rv:130.0) Gecko/20100101 Firefox/130.0"
[2025-02-21T06:31:11.824Z]  "GET /favicon.ico" "Mozilla/5.0 (X11; Ubuntu; Linux x86_64; rv:130.0) Gecko/20100101 Firefox/130.0"
[2025-02-21T06:31:11.825Z]  "GET /favicon.ico" Error (404): "Not found"
[2025-02-21T07:03:59.072Z]  "GET /" "undefined"
[2025-02-21T07:03:59.406Z]  "GET /" "Mozilla/5.0 (Macintosh; Intel Mac OS X 10_14_6) AppleWebKit/537.36 (KHTML, like Gecko) Chrome/76.0.3809.132 Safari/537.36"
[2025-02-21T07:03:59.758Z]  "GET /favicon.ico" "fasthttp"
[2025-02-21T07:03:59.758Z]  "GET /favicon.ico" Error (404): "Not found"
[2025-02-21T08:35:15.832Z]  "GET /" "Mozilla/5.0 (X11; Linux x86_64) AppleWebKit/537.36 (KHTML, like Gecko) Chrome/86.0.4 240.111 Safari/537.36"
[2025-02-21T11:13:22.748Z]  "GET /api/v1/users/search" "Go-http-client/1.1"
[2025-02-21T11:13:22.750Z]  "GET /api/v1/users/search" Error (404): "Not found"
[2025-02-21T15:57:03.649Z]  "GET /" "Mozilla/5.0 (compatible; Konqueror/4.1; DragonFly) KHTML/4.1.4 (like Gecko)"
[2025-02-21T17:32:37.811Z]  "GET /" "Mozilla/5.0 zgrab/0.x"
[2025-02-21T18:43:55.627Z]  "GET /" "Mozilla/5.0 (compatible; CensysInspect/1.1; +https://about.censys.io/)"
[2025-02-21T18:43:58.116Z]  "GET /favicon.ico" "Mozilla/5.0 (compatible; CensysInspect/1.1; +https://about.censys.io/)"
[2025-02-21T18:43:58.116Z]  "GET /favicon.ico" Error (404): "Not found"
[2025-02-21T18:44:16.643Z]  "GET /favicon.ico" "Mozilla/5.0 (compatible; CensysInspect/1.1; +https://about.censys.io/)"
[2025-02-21T18:44:16.645Z]  "GET /favicon.ico" Error (404): "Not found"
[2025-02-21T21:35:47.615Z]  "GET /" "Expanse, a Palo Alto Networks company, searches across the global IPv4 space multiple times per day to identify customers&#39; presences on the Internet. If you would like to be excluded from our scans, please send IP addresses/domains to: scaninfo@paloaltonetworks.com"
[2025-02-22T00:03:31.384Z]  "GET /" "Expanse, a Palo Alto Networks company, searches across the global IPv4 space multiple times per day to identify customers&#39; presences on the Internet. If you would like to be excluded from our scans, please send IP addresses/domains to: scaninfo@paloaltonetworks.com"
[2025-02-22T00:37:55.471Z]  "GET /" "undefined"
[2025-02-22T00:38:05.075Z]  "GET /" "Mozilla/5.0 (compatible; CensysInspect/1.1; +https://about.censys.io/)"
[2025-02-22T00:38:07.199Z]  "GET /favicon.ico" "Mozilla/5.0 (compatible; CensysInspect/1.1; +https://about.censys.io/)"
[2025-02-22T00:38:07.200Z]  "GET /favicon.ico" Error (404): "Not found"
[2025-02-22T00:38:23.854Z]  "GET /favicon.ico" "Mozilla/5.0 (compatible; CensysInspect/1.1; +https://about.censys.io/)"
[2025-02-22T00:38:23.854Z]  "GET /favicon.ico" Error (404): "Not found"
[2025-02-22T04:22:23.141Z]  "GET /" "Mozilla/5.0 (compatible; InternetMeasurement/1.0; +https://internet-measurement.com/)"
[2025-02-22T05:39:00.662Z]  "GET /" "undefined"
[2025-02-22T07:58:21.222Z]  "GET /" "Mozilla/5.0 (Windows NT 10.0; rv:102.0) Gecko/20100101 Firefox/102.0"
[2025-02-22T07:58:41.381Z]  "GET /favicon.ico" "Mozilla/5.0 (Windows NT 10.0; Win64; x64) AppleWebKit/537.36 (KHTML, like Gecko) Chrome/110.0.0.0 Safari/537.36"
[2025-02-22T07:58:41.382Z]  "GET /favicon.ico" Error (404): "Not found"
[2025-02-22T12:52:29.942Z]  "GET /" "undefined"
[2025-02-22T12:52:33.188Z]  "GET /" "Mozilla/5.0 (compatible; CensysInspect/1.1; +https://about.censys.io/)"
[2025-02-22T12:52:33.292Z]  "GET /favicon.ico" "Mozilla/5.0 (compatible; CensysInspect/1.1; +https://about.censys.io/)"
[2025-02-22T12:52:33.292Z]  "GET /favicon.ico" Error (404): "Not found"
[2025-02-22T12:52:41.663Z]  "GET /favicon.ico" "Mozilla/5.0 (compatible; CensysInspect/1.1; +https://about.censys.io/)"
[2025-02-22T12:52:41.663Z]  "GET /favicon.ico" Error (404): "Not found"
[2025-02-22T18:27:04.322Z]  "GET /" "Expanse, a Palo Alto Networks company, searches across the global IPv4 space multiple times per day to identify customers&#39; presences on the Internet. If you would like to be excluded from our scans, please send IP addresses/domains to: scaninfo@paloaltonetworks.com"
[2025-02-22T23:58:54.813Z]  "GET /" "Mozilla/5.0 (Windows NT 10.0; Win64; x64) AppleWebKit/537.36 (KHTML, like Gecko) Chrome/108.0.0.0 Safari/537.36"
[2025-02-23T02:15:01.594Z]  "GET /" "Mozilla/5.0 (Windows NT 10.0; Win64; x64) AppleWebKit/537.36 (KHTML, like Gecko) Chrome/133.0.0.0 Safari/537.36"
[2025-02-23T02:15:01.664Z]  "GET /token.css" "Mozilla/5.0 (Windows NT 10.0; Win64; x64) AppleWebKit/537.36 (KHTML, like Gecko) Chrome/133.0.0.0 Safari/537.36"
[2025-02-23T02:15:01.666Z]  "GET /styles.css" "Mozilla/5.0 (Windows NT 10.0; Win64; x64) AppleWebKit/537.36 (KHTML, like Gecko) Chrome/133.0.0.0 Safari/537.36"
[2025-02-23T02:15:01.685Z]  "GET /toHtmlElement.mjs" "Mozilla/5.0 (Windows NT 10.0; Win64; x64) AppleWebKit/537.36 (KHTML, like Gecko) Chrome/133.0.0.0 Safari/537.36"
[2025-02-23T02:15:01.686Z]  "GET /header.mjs" "Mozilla/5.0 (Windows NT 10.0; Win64; x64) AppleWebKit/537.36 (KHTML, like Gecko) Chrome/133.0.0.0 Safari/537.36"
[2025-02-23T02:15:01.697Z]  "GET /my-cool-header.mjs" "Mozilla/5.0 (Windows NT 10.0; Win64; x64) AppleWebKit/537.36 (KHTML, like Gecko) Chrome/133.0.0.0 Safari/537.36"
[2025-02-23T02:15:01.699Z]  "GET /image.png" "Mozilla/5.0 (Windows NT 10.0; Win64; x64) AppleWebKit/537.36 (KHTML, like Gecko) Chrome/133.0.0.0 Safari/537.36"
[2025-02-23T02:15:01.789Z]  "GET /utils.mjs" "Mozilla/5.0 (Windows NT 10.0; Win64; x64) AppleWebKit/537.36 (KHTML, like Gecko) Chrome/133.0.0.0 Safari/537.36"
[2025-02-23T02:15:02.129Z]  "GET /favicon.ico" "Mozilla/5.0 (Windows NT 10.0; Win64; x64) AppleWebKit/537.36 (KHTML, like Gecko) Chrome/133.0.0.0 Safari/537.36"
[2025-02-23T02:15:02.129Z]  "GET /favicon.ico" Error (404): "Not found"
[2025-02-23T02:15:07.750Z]  "GET /todos" "Mozilla/5.0 (Windows NT 10.0; Win64; x64) AppleWebKit/537.36 (KHTML, like Gecko) Chrome/133.0.0.0 Safari/537.36"
[2025-02-23T02:15:07.774Z]  "GET /todos/" "Mozilla/5.0 (Windows NT 10.0; Win64; x64) AppleWebKit/537.36 (KHTML, like Gecko) Chrome/133.0.0.0 Safari/537.36"
[2025-02-23T02:15:07.943Z]  "GET /todos/assets/index-C-uBRsHS.js" "Mozilla/5.0 (Windows NT 10.0; Win64; x64) AppleWebKit/537.36 (KHTML, like Gecko) Chrome/133.0.0.0 Safari/537.36"
[2025-02-23T02:15:07.944Z]  "GET /todos/assets/index-D3s2yOjs.css" "Mozilla/5.0 (Windows NT 10.0; Win64; x64) AppleWebKit/537.36 (KHTML, like Gecko) Chrome/133.0.0.0 Safari/537.36"
[2025-02-23T02:15:08.557Z]  "GET /todos/vite.svg" "Mozilla/5.0 (Windows NT 10.0; Win64; x64) AppleWebKit/537.36 (KHTML, like Gecko) Chrome/133.0.0.0 Safari/537.36"
[2025-02-23T02:15:47.255Z]  "GET /todos/invalid" "Mozilla/5.0 (Windows NT 10.0; Win64; x64) AppleWebKit/537.36 (KHTML, like Gecko) Chrome/133.0.0.0 Safari/537.36"
[2025-02-23T02:15:47.256Z]  "GET /todos/invalid" Error (404): "Not found"
[2025-02-23T02:50:31.003Z]  "GET /" "Mozilla/5.0 (compatible)"
[2025-02-23T02:50:31.271Z]  "GET /favicon.ico" "Mozilla/5.0 (compatible)"
[2025-02-23T02:50:31.271Z]  "GET /favicon.ico" Error (404): "Not found"
[2025-02-23T03:45:06.797Z]  "GET /" "Expanse, a Palo Alto Networks company, searches across the global IPv4 space multiple times per day to identify customers&#39; presences on the Internet. If you would like to be excluded from our scans, please send IP addresses/domains to: scaninfo@paloaltonetworks.com"
[2025-02-23T04:49:29.637Z]  "GET /" "Mozilla/5.0 (X11; Linux i686; rv:109.0) Gecko/20100101 Firefox/120.0"
[2025-02-23T07:18:41.277Z]  "GET /" "Mozilla/5.0 (X11; Linux i686; rv:109.0) Gecko/20100101 Firefox/120.0"
[2025-02-23T07:47:39.675Z]  "GET /" "Mozilla/5.0 (Windows NT 10.0; Win64; x64) AppleWebKit/537.36 (KHTML, like Gecko) Chrome/123.0.0.0 Safari/537.36"
[2025-02-23T07:47:54.897Z]  "GET /favicon.ico" "Mozilla/5.0 (Windows NT 10.0; Win64; x64) AppleWebKit/537.36 (KHTML, like Gecko) Chrome/114.0.0.0 YaBrowser/23.7.0.2534 Yowser/2.5 Safari/537.36"
[2025-02-23T07:47:54.897Z]  "GET /favicon.ico" Error (404): "Not found"
[2025-02-23T18:42:51.388Z]  "GET /" "Mozilla/5.0 (X11; Linux i686; rv:109.0) Gecko/20100101 Firefox/120.0"
[2025-02-23T18:43:45.283Z]  "GET /" "Expanse, a Palo Alto Networks company, searches across the global IPv4 space multiple times per day to identify customers&#39; presences on the Internet. If you would like to be excluded from our scans, please send IP addresses/domains to: scaninfo@paloaltonetworks.com"
[2025-02-23T21:21:59.779Z]  "GET /" "Mozilla/5.0 (compatible; CensysInspect/1.1; +https://about.censys.io/)"
[2025-02-23T21:22:00.991Z]  "GET /favicon.ico" "Mozilla/5.0 (compatible; CensysInspect/1.1; +https://about.censys.io/)"
[2025-02-23T21:22:00.991Z]  "GET /favicon.ico" Error (404): "Not found"
[2025-02-23T21:22:20.148Z]  "GET /favicon.ico" "Mozilla/5.0 (compatible; CensysInspect/1.1; +https://about.censys.io/)"
[2025-02-23T21:22:20.149Z]  "GET /favicon.ico" Error (404): "Not found"
[2025-02-23T22:11:44.687Z]  "GET /" "Mozilla/5.0 (Linux; Android 11; SM-A515F) AppleWebKit/537.36 (KHTML, like Gecko) Chrome/100.0.4896.58 Mobile Safari/537.36"
[2025-02-23T22:11:54.504Z]  "GET /api/v1/users/search" "Go-http-client/1.1"
[2025-02-23T22:11:54.504Z]  "GET /api/v1/users/search" Error (404): "Not found"
[2025-02-23T22:12:04.495Z]  "GET /api/v1/users/search" "Go-http-client/1.1"
[2025-02-23T22:12:04.496Z]  "GET /api/v1/users/search" Error (404): "Not found"
[2025-02-24T00:15:59.533Z]  "GET /favicon.ico" "Mozilla/5.0 (compatible; CensysInspect/1.1; +https://about.censys.io/)"
[2025-02-24T00:15:59.533Z]  "GET /favicon.ico" Error (404): "Not found"
[2025-02-24T01:24:26.046Z]  "GET /" "Mozilla/5.0 (Windows NT 10.0; Win64; x64) AppleWebKit/537.36 (KHTML, like Gecko) Chrome/133.0.0.0 Safari/537.36"
[2025-02-24T01:24:26.174Z]  "GET /token.css" "Mozilla/5.0 (Windows NT 10.0; Win64; x64) AppleWebKit/537.36 (KHTML, like Gecko) Chrome/133.0.0.0 Safari/537.36"
[2025-02-24T01:24:26.215Z]  "GET /styles.css" "Mozilla/5.0 (Windows NT 10.0; Win64; x64) AppleWebKit/537.36 (KHTML, like Gecko) Chrome/133.0.0.0 Safari/537.36"
[2025-02-24T01:24:26.246Z]  "GET /toHtmlElement.mjs" "Mozilla/5.0 (Windows NT 10.0; Win64; x64) AppleWebKit/537.36 (KHTML, like Gecko) Chrome/133.0.0.0 Safari/537.36"
[2025-02-24T01:24:26.248Z]  "GET /header.mjs" "Mozilla/5.0 (Windows NT 10.0; Win64; x64) AppleWebKit/537.36 (KHTML, like Gecko) Chrome/133.0.0.0 Safari/537.36"
[2025-02-24T01:24:26.248Z]  "GET /image.png" "Mozilla/5.0 (Windows NT 10.0; Win64; x64) AppleWebKit/537.36 (KHTML, like Gecko) Chrome/133.0.0.0 Safari/537.36"
[2025-02-24T01:24:26.273Z]  "GET /my-cool-header.mjs" "Mozilla/5.0 (Windows NT 10.0; Win64; x64) AppleWebKit/537.36 (KHTML, like Gecko) Chrome/133.0.0.0 Safari/537.36"
[2025-02-24T01:24:26.319Z]  "GET /utils.mjs" "Mozilla/5.0 (Windows NT 10.0; Win64; x64) AppleWebKit/537.36 (KHTML, like Gecko) Chrome/133.0.0.0 Safari/537.36"
[2025-02-24T01:24:26.661Z]  "GET /favicon.ico" "Mozilla/5.0 (Windows NT 10.0; Win64; x64) AppleWebKit/537.36 (KHTML, like Gecko) Chrome/133.0.0.0 Safari/537.36"
[2025-02-24T01:24:26.665Z]  "GET /favicon.ico" Error (404): "Not found"
[2025-02-24T01:24:27.699Z]  "GET /hobbies.html" "Mozilla/5.0 (Windows NT 10.0; Win64; x64) AppleWebKit/537.36 (KHTML, like Gecko) Chrome/133.0.0.0 Safari/537.36"
[2025-02-24T01:24:28.484Z]  "GET /index.html" "Mozilla/5.0 (Windows NT 10.0; Win64; x64) AppleWebKit/537.36 (KHTML, like Gecko) Chrome/133.0.0.0 Safari/537.36"
[2025-02-24T02:54:56.331Z]  "GET /" "Mozilla/5.0 (compatible; CensysInspect/1.1; +https://about.censys.io/)"
[2025-02-24T02:54:59.949Z]  "GET /favicon.ico" "Mozilla/5.0 (compatible; CensysInspect/1.1; +https://about.censys.io/)"
[2025-02-24T02:54:59.956Z]  "GET /favicon.ico" Error (404): "Not found"
[2025-02-24T02:55:08.894Z]  "GET /favicon.ico" "Mozilla/5.0 (compatible; CensysInspect/1.1; +https://about.censys.io/)"
[2025-02-24T02:55:08.894Z]  "GET /favicon.ico" Error (404): "Not found"
[2025-02-24T08:35:56.978Z]  "GET /" "Mozilla/5.0 zgrab/0.x"
